Analysis & Synthesis report for main
Fri Dec 11 12:05:42 2020
Quartus II Version 9.0 Build 132 02/25/2009 SJ Web Edition


---------------------
; Table of Contents ;
---------------------
  1. Legal Notice
  2. Analysis & Synthesis Summary
  3. Analysis & Synthesis Settings
  4. Analysis & Synthesis Source Files Read
  5. Analysis & Synthesis Resource Usage Summary
  6. Analysis & Synthesis Resource Utilization by Entity
  7. State Machine - |main|display:dp1|LFSR:LFSR1|state
  8. Registers Removed During Synthesis
  9. General Register Statistics
 10. Inverted Register Statistics
 11. Multiplexer Restructuring Statistics (Restructuring Performed)
 12. Parameter Settings for User Entity Instance: display:dp1|LFSR:LFSR1
 13. Port Connectivity Checks: "display:dp1"
 14. Port Connectivity Checks: "divider:divider_controll"
 15. Port Connectivity Checks: "divider:divider_barrier"
 16. Analysis & Synthesis Messages



----------------
; Legal Notice ;
----------------
Copyright (C) 1991-2009 Altera Corporation
Your use of Altera Corporation's design tools, logic functions 
and other software and tools, and its AMPP partner logic 
functions, and any output files from any of the foregoing 
(including device programming or simulation files), and any 
associated documentation or information are expressly subject 
to the terms and conditions of the Altera Program License 
Subscription Agreement, Altera MegaCore Function License 
Agreement, or other applicable license agreement, including, 
without limitation, that your use is for the sole purpose of 
programming logic devices manufactured by Altera and sold by 
Altera or its authorized distributors.  Please refer to the 
applicable agreement for further details.



+-----------------------------------------------------------------------+
; Analysis & Synthesis Summary                                          ;
+-----------------------------+-----------------------------------------+
; Analysis & Synthesis Status ; Successful - Fri Dec 11 12:05:42 2020   ;
; Quartus II Version          ; 9.0 Build 132 02/25/2009 SJ Web Edition ;
; Revision Name               ; main                                    ;
; Top-level Entity Name       ; main                                    ;
; Family                      ; Cyclone                                 ;
; Total logic elements        ; 148                                     ;
; Total pins                  ; 54                                      ;
; Total virtual pins          ; 0                                       ;
; Total memory bits           ; 0                                       ;
; Total PLLs                  ; 0                                       ;
+-----------------------------+-----------------------------------------+


+----------------------------------------------------------------------------------------------------------+
; Analysis & Synthesis Settings                                                                            ;
+----------------------------------------------------------------+--------------------+--------------------+
; Option                                                         ; Setting            ; Default Value      ;
+----------------------------------------------------------------+--------------------+--------------------+
; Device                                                         ; EP1C6Q240C8        ;                    ;
; Top-level entity name                                          ; main               ; main               ;
; Family name                                                    ; Cyclone            ; Stratix II         ;
; Use Generated Physical Constraints File                        ; Off                ;                    ;
; Use smart compilation                                          ; Off                ; Off                ;
; Restructure Multiplexers                                       ; Auto               ; Auto               ;
; Create Debugging Nodes for IP Cores                            ; Off                ; Off                ;
; Preserve fewer node names                                      ; On                 ; On                 ;
; Disable OpenCore Plus hardware evaluation                      ; Off                ; Off                ;
; Verilog Version                                                ; Verilog_2001       ; Verilog_2001       ;
; VHDL Version                                                   ; VHDL93             ; VHDL93             ;
; State Machine Processing                                       ; Auto               ; Auto               ;
; Safe State Machine                                             ; Off                ; Off                ;
; Extract Verilog State Machines                                 ; On                 ; On                 ;
; Extract VHDL State Machines                                    ; On                 ; On                 ;
; Ignore Verilog initial constructs                              ; Off                ; Off                ;
; Iteration limit for constant Verilog loops                     ; 5000               ; 5000               ;
; Iteration limit for non-constant Verilog loops                 ; 250                ; 250                ;
; Add Pass-Through Logic to Inferred RAMs                        ; On                 ; On                 ;
; Parallel Synthesis                                             ; Off                ; Off                ;
; NOT Gate Push-Back                                             ; On                 ; On                 ;
; Power-Up Don't Care                                            ; On                 ; On                 ;
; Remove Redundant Logic Cells                                   ; Off                ; Off                ;
; Remove Duplicate Registers                                     ; On                 ; On                 ;
; Ignore CARRY Buffers                                           ; Off                ; Off                ;
; Ignore CASCADE Buffers                                         ; Off                ; Off                ;
; Ignore GLOBAL Buffers                                          ; Off                ; Off                ;
; Ignore ROW GLOBAL Buffers                                      ; Off                ; Off                ;
; Ignore LCELL Buffers                                           ; Off                ; Off                ;
; Ignore SOFT Buffers                                            ; On                 ; On                 ;
; Limit AHDL Integers to 32 Bits                                 ; Off                ; Off                ;
; Optimization Technique                                         ; Balanced           ; Balanced           ;
; Carry Chain Length                                             ; 70                 ; 70                 ;
; Auto Carry Chains                                              ; On                 ; On                 ;
; Auto Open-Drain Pins                                           ; On                 ; On                 ;
; Perform WYSIWYG Primitive Resynthesis                          ; Off                ; Off                ;
; Auto ROM Replacement                                           ; On                 ; On                 ;
; Auto RAM Replacement                                           ; On                 ; On                 ;
; Auto Shift Register Replacement                                ; Auto               ; Auto               ;
; Auto Clock Enable Replacement                                  ; On                 ; On                 ;
; Strict RAM Replacement                                         ; Off                ; Off                ;
; Allow Synchronous Control Signals                              ; On                 ; On                 ;
; Force Use of Synchronous Clear Signals                         ; Off                ; Off                ;
; Auto RAM Block Balancing                                       ; On                 ; On                 ;
; Auto RAM to Logic Cell Conversion                              ; Off                ; Off                ;
; Auto Resource Sharing                                          ; Off                ; Off                ;
; Allow Any RAM Size For Recognition                             ; Off                ; Off                ;
; Allow Any ROM Size For Recognition                             ; Off                ; Off                ;
; Allow Any Shift Register Size For Recognition                  ; Off                ; Off                ;
; Use LogicLock Constraints during Resource Balancing            ; On                 ; On                 ;
; Ignore translate_off and synthesis_off directives              ; Off                ; Off                ;
; Show Parameter Settings Tables in Synthesis Report             ; On                 ; On                 ;
; Ignore Maximum Fan-Out Assignments                             ; Off                ; Off                ;
; Synchronization Register Chain Length                          ; 2                  ; 2                  ;
; PowerPlay Power Optimization                                   ; Normal compilation ; Normal compilation ;
; HDL message level                                              ; Level2             ; Level2             ;
; Suppress Register Optimization Related Messages                ; Off                ; Off                ;
; Number of Removed Registers Reported in Synthesis Report       ; 100                ; 100                ;
; Number of Inverted Registers Reported in Synthesis Report      ; 100                ; 100                ;
; Clock MUX Protection                                           ; On                 ; On                 ;
; Block Design Naming                                            ; Auto               ; Auto               ;
; Synthesis Effort                                               ; Auto               ; Auto               ;
; Allows Asynchronous Clear Usage For Shift Register Replacement ; On                 ; On                 ;
; Analysis & Synthesis Message Level                             ; Medium             ; Medium             ;
+----------------------------------------------------------------+--------------------+--------------------+


+-----------------------------------------------------------------------------------------------------------------------------------+
; Analysis & Synthesis Source Files Read                                                                                            ;
+----------------------------------+-----------------+------------------------------+-----------------------------------------------+
; File Name with User-Entered Path ; Used in Netlist ; File Type                    ; File Name with Absolute Path                  ;
+----------------------------------+-----------------+------------------------------+-----------------------------------------------+
; main.v                           ; yes             ; Auto-Found Verilog HDL File  ; C:/Users/User/Desktop/monster_jump/main.v     ;
; divider.v                        ; yes             ; Auto-Found Verilog HDL File  ; C:/Users/User/Desktop/monster_jump/divider.v  ;
; controll.v                       ; yes             ; Auto-Found Verilog HDL File  ; C:/Users/User/Desktop/monster_jump/controll.v ;
; display.v                        ; yes             ; Auto-Found Verilog HDL File  ; C:/Users/User/Desktop/monster_jump/display.v  ;
+----------------------------------+-----------------+------------------------------+-----------------------------------------------+


+-----------------------------------------------------+
; Analysis & Synthesis Resource Usage Summary         ;
+---------------------------------------------+-------+
; Resource                                    ; Usage ;
+---------------------------------------------+-------+
; Total logic elements                        ; 148   ;
;     -- Combinational with no register       ; 28    ;
;     -- Register only                        ; 8     ;
;     -- Combinational with a register        ; 112   ;
;                                             ;       ;
; Logic element usage by number of LUT inputs ;       ;
;     -- 4 input functions                    ; 35    ;
;     -- 3 input functions                    ; 45    ;
;     -- 2 input functions                    ; 56    ;
;     -- 1 input functions                    ; 3     ;
;     -- 0 input functions                    ; 1     ;
;                                             ;       ;
; Logic elements by mode                      ;       ;
;     -- normal mode                          ; 138   ;
;     -- arithmetic mode                      ; 10    ;
;     -- qfbk mode                            ; 0     ;
;     -- register cascade mode                ; 0     ;
;     -- synchronous clear/load mode          ; 0     ;
;     -- asynchronous clear/load mode         ; 61    ;
;                                             ;       ;
; Total registers                             ; 120   ;
; Total logic cells in carry chains           ; 11    ;
; I/O pins                                    ; 54    ;
; Maximum fan-out node                        ; clk   ;
; Maximum fan-out                             ; 80    ;
; Total fan-out                               ; 636   ;
; Average fan-out                             ; 3.15  ;
+---------------------------------------------+-------+


+-----------------------------------------------------------------------------------------------------------------------------------------------------------------------------------------------------------------------------------+
; Analysis & Synthesis Resource Utilization by Entity                                                                                                                                                                               ;
+------------------------------+-------------+--------------+-------------+------+--------------+--------------+-------------------+------------------+-----------------+------------+-------------------------------+--------------+
; Compilation Hierarchy Node   ; Logic Cells ; LC Registers ; Memory Bits ; Pins ; Virtual Pins ; LUT-Only LCs ; Register-Only LCs ; LUT/Register LCs ; Carry Chain LCs ; Packed LCs ; Full Hierarchy Name           ; Library Name ;
+------------------------------+-------------+--------------+-------------+------+--------------+--------------+-------------------+------------------+-----------------+------------+-------------------------------+--------------+
; |main                        ; 148 (0)     ; 120          ; 0           ; 54   ; 0            ; 28 (0)       ; 8 (0)             ; 112 (0)          ; 11 (0)          ; 0 (0)      ; |main                         ; work         ;
;    |controll:comb_20|        ; 1 (1)       ; 1            ; 0           ; 0    ; 0            ; 0 (0)        ; 0 (0)             ; 1 (1)            ; 0 (0)           ; 0 (0)      ; |main|controll:comb_20        ; work         ;
;    |display:dp1|             ; 119 (68)    ; 107          ; 0           ; 0    ; 0            ; 12 (9)       ; 3 (1)             ; 104 (58)         ; 0 (0)           ; 0 (0)      ; |main|display:dp1             ; work         ;
;       |LFSR:LFSR1|           ; 17 (17)     ; 16           ; 0           ; 0    ; 0            ; 1 (1)        ; 2 (2)             ; 14 (14)          ; 0 (0)           ; 0 (0)      ; |main|display:dp1|LFSR:LFSR1  ; work         ;
;       |dp:d1|                ; 10 (10)     ; 8            ; 0           ; 0    ; 0            ; 2 (2)        ; 0 (0)             ; 8 (8)            ; 0 (0)           ; 0 (0)      ; |main|display:dp1|dp:d1       ; work         ;
;       |dp:d2|                ; 8 (8)       ; 8            ; 0           ; 0    ; 0            ; 0 (0)        ; 0 (0)             ; 8 (8)            ; 0 (0)           ; 0 (0)      ; |main|display:dp1|dp:d2       ; work         ;
;       |dp:d3|                ; 8 (8)       ; 8            ; 0           ; 0    ; 0            ; 0 (0)        ; 0 (0)             ; 8 (8)            ; 0 (0)           ; 0 (0)      ; |main|display:dp1|dp:d3       ; work         ;
;       |dp:d4|                ; 8 (8)       ; 8            ; 0           ; 0    ; 0            ; 0 (0)        ; 0 (0)             ; 8 (8)            ; 0 (0)           ; 0 (0)      ; |main|display:dp1|dp:d4       ; work         ;
;    |divider:divider_barrier| ; 28 (28)     ; 12           ; 0           ; 0    ; 0            ; 16 (16)      ; 5 (5)             ; 7 (7)            ; 11 (11)         ; 0 (0)      ; |main|divider:divider_barrier ; work         ;
+------------------------------+-------------+--------------+-------------+------+--------------+--------------+-------------------+------------------+-----------------+------------+-------------------------------+--------------+
Note: For table entries with two numbers listed, the numbers in parentheses indicate the number of resources of the given type used by the specific entity alone. The numbers listed outside of parentheses indicate the total resources of the given type used by the specific entity and all of its sub-entities in the hierarchy.


Encoding Type:  One-Hot
+----------------------------------------------------------------------------------------------------------------+
; State Machine - |main|display:dp1|LFSR:LFSR1|state                                                             ;
+-------------+------------+-----------+-------------+------------+------------+-----------+----------+----------+
; Name        ; state.s111 ; state.s11 ; state.s1001 ; state.s100 ; state.s101 ; state.s10 ; state.s1 ; state.s0 ;
+-------------+------------+-----------+-------------+------------+------------+-----------+----------+----------+
; state.s0    ; 0          ; 0         ; 0           ; 0          ; 0          ; 0         ; 0        ; 0        ;
; state.s1    ; 0          ; 0         ; 0           ; 0          ; 0          ; 0         ; 1        ; 1        ;
; state.s10   ; 0          ; 0         ; 0           ; 0          ; 0          ; 1         ; 0        ; 1        ;
; state.s101  ; 0          ; 0         ; 0           ; 0          ; 1          ; 0         ; 0        ; 1        ;
; state.s100  ; 0          ; 0         ; 0           ; 1          ; 0          ; 0         ; 0        ; 1        ;
; state.s1001 ; 0          ; 0         ; 1           ; 0          ; 0          ; 0         ; 0        ; 1        ;
; state.s11   ; 0          ; 1         ; 0           ; 0          ; 0          ; 0         ; 0        ; 1        ;
; state.s111  ; 1          ; 0         ; 0           ; 0          ; 0          ; 0         ; 0        ; 1        ;
+-------------+------------+-----------+-------------+------------+------------+-----------+----------+----------+


+-------------------------------------------------------------------------+
; Registers Removed During Synthesis                                      ;
+----------------------------------------+--------------------------------+
; Register name                          ; Reason for Removal             ;
+----------------------------------------+--------------------------------+
; display:dp1|dp:d1|R_s[0]               ; Merged with display:dp1|R_s[0] ;
; display:dp1|dp:d2|R_s[0]               ; Merged with display:dp1|R_s[0] ;
; display:dp1|dp:d3|R_s[0]               ; Merged with display:dp1|R_s[0] ;
; display:dp1|dp:d4|R_s[0]               ; Merged with display:dp1|R_s[0] ;
; display:dp1|dp:d1|R_s[1]               ; Merged with display:dp1|R_s[1] ;
; display:dp1|dp:d2|R_s[1]               ; Merged with display:dp1|R_s[1] ;
; display:dp1|dp:d3|R_s[1]               ; Merged with display:dp1|R_s[1] ;
; display:dp1|dp:d4|R_s[1]               ; Merged with display:dp1|R_s[1] ;
; display:dp1|dp:d1|R_s[2]               ; Merged with display:dp1|R_s[2] ;
; display:dp1|dp:d2|R_s[2]               ; Merged with display:dp1|R_s[2] ;
; display:dp1|dp:d3|R_s[2]               ; Merged with display:dp1|R_s[2] ;
; display:dp1|dp:d4|R_s[2]               ; Merged with display:dp1|R_s[2] ;
; display:dp1|LFSR:LFSR1|state~5         ; Lost fanout                    ;
; display:dp1|LFSR:LFSR1|state~6         ; Lost fanout                    ;
; display:dp1|LFSR:LFSR1|state~7         ; Lost fanout                    ;
; Total Number of Removed Registers = 15 ;                                ;
+----------------------------------------+--------------------------------+


+------------------------------------------------------+
; General Register Statistics                          ;
+----------------------------------------------+-------+
; Statistic                                    ; Value ;
+----------------------------------------------+-------+
; Total registers                              ; 120   ;
; Number of registers using Synchronous Clear  ; 0     ;
; Number of registers using Synchronous Load   ; 0     ;
; Number of registers using Asynchronous Clear ; 56    ;
; Number of registers using Asynchronous Load  ; 5     ;
; Number of registers using Clock Enable       ; 8     ;
; Number of registers using Preset             ; 0     ;
+----------------------------------------------+-------+


+--------------------------------------------------+
; Inverted Register Statistics                     ;
+----------------------------------------+---------+
; Inverted Register                      ; Fan out ;
+----------------------------------------+---------+
; display:dp1|C[7]                       ; 3       ;
; controll:comb_20|con_up                ; 48      ;
; display:dp1|barrier_out[11]            ; 2       ;
; display:dp1|barrier_out[14]            ; 2       ;
; display:dp1|barrier_out[4]             ; 2       ;
; display:dp1|barrier_out[7]             ; 2       ;
; display:dp1|LFSR:LFSR1|Y[8]            ; 14      ;
; display:dp1|LFSR:LFSR1|Y[5]            ; 1       ;
; display:dp1|LFSR:LFSR1|Y[1]            ; 1       ;
; Total number of inverted registers = 9 ;         ;
+----------------------------------------+---------+


+----------------------------------------------------------------------------------------------------------------------------------------------+
; Multiplexer Restructuring Statistics (Restructuring Performed)                                                                               ;
+--------------------+-----------+---------------+----------------------+------------------------+------------+--------------------------------+
; Multiplexer Inputs ; Bus Width ; Baseline Area ; Area if Restructured ; Saving if Restructured ; Registered ; Example Multiplexer Output     ;
+--------------------+-----------+---------------+----------------------+------------------------+------------+--------------------------------+
; 3:1                ; 7 bits    ; 14 LEs        ; 7 LEs                ; 7 LEs                  ; Yes        ; |main|display:dp1|C[0]         ;
; 3:1                ; 5 bits    ; 10 LEs        ; 5 LEs                ; 5 LEs                  ; Yes        ; |main|display:dp1|R_o[0]       ;
; 3:1                ; 32 bits   ; 64 LEs        ; 32 LEs               ; 32 LEs                 ; Yes        ; |main|display:dp1|dp:d1|R_o[4] ;
+--------------------+-----------+---------------+----------------------+------------------------+------------+--------------------------------+


+---------------------------------------------------------------------+
; Parameter Settings for User Entity Instance: display:dp1|LFSR:LFSR1 ;
+-----------------+----------+----------------------------------------+
; Parameter Name  ; Value    ; Type                                   ;
+-----------------+----------+----------------------------------------+
; Tap_Coefficient ; 01110001 ; Unsigned Binary                        ;
; initial_state   ; 0010001  ; Unsigned Binary                        ;
; s0              ; 000      ; Unsigned Binary                        ;
; s1              ; 001      ; Unsigned Binary                        ;
; s10             ; 010      ; Unsigned Binary                        ;
; s101            ; 011      ; Unsigned Binary                        ;
; s100            ; 100      ; Unsigned Binary                        ;
; s1001           ; 101      ; Unsigned Binary                        ;
; s11             ; 110      ; Unsigned Binary                        ;
; s111            ; 111      ; Unsigned Binary                        ;
+-----------------+----------+----------------------------------------+
Note: In order to hide this table in the UI and the text report file, please set the "Show Parameter Settings Tables in Synthesis Report" option in "Analysis and Synthesis Settings -> More Settings" to "Off".


+-----------------------------------------------------------------------------------------------------------------------+
; Port Connectivity Checks: "display:dp1"                                                                               ;
+-------------+--------+----------+-------------------------------------------------------------------------------------+
; Port        ; Type   ; Severity ; Details                                                                             ;
+-------------+--------+----------+-------------------------------------------------------------------------------------+
; barrier_out ; Output ; Info     ; Connected to dangling logic. Logic that only feeds a dangling port will be removed. ;
+-------------+--------+----------+-------------------------------------------------------------------------------------+


+-----------------------------------------------------------------------------------------------------------------------+
; Port Connectivity Checks: "divider:divider_controll"                                                                  ;
+-------------+--------+----------+-------------------------------------------------------------------------------------+
; Port        ; Type   ; Severity ; Details                                                                             ;
+-------------+--------+----------+-------------------------------------------------------------------------------------+
; d_clock     ; Output ; Info     ; Connected to dangling logic. Logic that only feeds a dangling port will be removed. ;
; div_f[7..5] ; Input  ; Info     ; Stuck at VCC                                                                        ;
; div_f[2..0] ; Input  ; Info     ; Stuck at GND                                                                        ;
; div_f[4]    ; Input  ; Info     ; Stuck at GND                                                                        ;
; div_f[3]    ; Input  ; Info     ; Stuck at VCC                                                                        ;
+-------------+--------+----------+-------------------------------------------------------------------------------------+


+-----------------------------------------------------+
; Port Connectivity Checks: "divider:divider_barrier" ;
+-------------+-------+----------+--------------------+
; Port        ; Type  ; Severity ; Details            ;
+-------------+-------+----------+--------------------+
; div_f[7..4] ; Input ; Info     ; Stuck at VCC       ;
; div_f[1..0] ; Input ; Info     ; Stuck at GND       ;
; div_f[3]    ; Input ; Info     ; Stuck at GND       ;
; div_f[2]    ; Input ; Info     ; Stuck at VCC       ;
+-------------+-------+----------+--------------------+


+-------------------------------+
; Analysis & Synthesis Messages ;
+-------------------------------+
Info: *******************************************************************
Info: Running Quartus II Analysis & Synthesis
    Info: Version 9.0 Build 132 02/25/2009 SJ Web Edition
    Info: Processing started: Fri Dec 11 12:05:41 2020
Info: Command: quartus_map --read_settings_files=on --write_settings_files=off main -c main
Warning (10229): Verilog HDL Expression warning at main.v(7): truncated literal to match 8 bits
Warning (10229): Verilog HDL Expression warning at main.v(8): truncated literal to match 8 bits
Warning: Using design file main.v, which is not specified as a design file for the current project, but contains definitions for 1 design units and 1 entities in project
    Info: Found entity 1: main
Warning (10236): Verilog HDL Implicit Net warning at main.v(11): created implicit net for "con_up"
Warning (10236): Verilog HDL Implicit Net warning at main.v(11): created implicit net for "con_down"
Critical Warning (10846): Verilog HDL Instantiation warning at main.v(11): instance has no name
Info: Elaborating entity "main" for the top level hierarchy
Warning: Using design file divider.v, which is not specified as a design file for the current project, but contains definitions for 1 design units and 1 entities in project
    Info: Found entity 1: divider
Info: Elaborating entity "divider" for hierarchy "divider:divider_barrier"
Warning (10230): Verilog HDL assignment warning at divider.v(10): truncated value with size 32 to match size of target (11)
Warning: Using design file controll.v, which is not specified as a design file for the current project, but contains definitions for 1 design units and 1 entities in project
    Info: Found entity 1: controll
Info: Elaborating entity "controll" for hierarchy "controll:comb_20"
Warning (10230): Verilog HDL assignment warning at controll.v(9): truncated value with size 32 to match size of target (5)
Warning (10034): Output port "con_down" at controll.v(3) has no driver
Warning (10229): Verilog HDL Expression warning at display.v(109): truncated literal to match 8 bits
Warning: Using design file display.v, which is not specified as a design file for the current project, but contains definitions for 3 design units and 3 entities in project
    Info: Found entity 1: display
    Info: Found entity 2: LFSR
    Info: Found entity 3: dp
Info: Elaborating entity "display" for hierarchy "display:dp1"
Warning (10036): Verilog HDL or VHDL warning at display.v(10): object "i" assigned a value but never read
Warning (10235): Verilog HDL Always Construct warning at display.v(76): variable "barrier_out" is read inside the Always Construct but isn't in the Always Construct's Event Control
Info: Elaborating entity "dp" for hierarchy "display:dp1|dp:d1"
Info: Elaborating entity "LFSR" for hierarchy "display:dp1|LFSR:LFSR1"
Warning (10230): Verilog HDL assignment warning at display.v(110): truncated value with size 8 to match size of target (7)
Warning (10235): Verilog HDL Always Construct warning at display.v(134): variable "Y" is read inside the Always Construct but isn't in the Always Construct's Event Control
Warning (10235): Verilog HDL Always Construct warning at display.v(135): variable "Y" is read inside the Always Construct but isn't in the Always Construct's Event Control
Warning (10235): Verilog HDL Always Construct warning at display.v(139): variable "Y" is read inside the Always Construct but isn't in the Always Construct's Event Control
Warning (10235): Verilog HDL Always Construct warning at display.v(140): variable "Y" is read inside the Always Construct but isn't in the Always Construct's Event Control
Warning (10235): Verilog HDL Always Construct warning at display.v(144): variable "Y" is read inside the Always Construct but isn't in the Always Construct's Event Control
Warning (10235): Verilog HDL Always Construct warning at display.v(145): variable "Y" is read inside the Always Construct but isn't in the Always Construct's Event Control
Warning (10235): Verilog HDL Always Construct warning at display.v(153): variable "Y" is read inside the Always Construct but isn't in the Always Construct's Event Control
Warning (10235): Verilog HDL Always Construct warning at display.v(154): variable "Y" is read inside the Always Construct but isn't in the Always Construct's Event Control
Warning (10235): Verilog HDL Always Construct warning at display.v(162): variable "Y" is read inside the Always Construct but isn't in the Always Construct's Event Control
Warning (10235): Verilog HDL Always Construct warning at display.v(163): variable "Y" is read inside the Always Construct but isn't in the Always Construct's Event Control
Info: Registers with preset signals will power-up high
Info: 3 registers lost all their fanouts during netlist optimizations. The first 3 are displayed below.
    Info: Register "display:dp1|LFSR:LFSR1|state~5" lost all its fanouts during netlist optimizations.
    Info: Register "display:dp1|LFSR:LFSR1|state~6" lost all its fanouts during netlist optimizations.
    Info: Register "display:dp1|LFSR:LFSR1|state~7" lost all its fanouts during netlist optimizations.
Warning: Design contains 2 input pin(s) that do not drive logic
    Warning (15610): No output dependent on input pin "start"
    Warning (15610): No output dependent on input pin "down"
Info: Implemented 202 device resources after synthesis - the final resource count might be different
    Info: Implemented 5 input pins
    Info: Implemented 49 output pins
    Info: Implemented 148 logic cells
Info: Quartus II Analysis & Synthesis was successful. 0 errors, 29 warnings
    Info: Peak virtual memory: 235 megabytes
    Info: Processing ended: Fri Dec 11 12:05:42 2020
    Info: Elapsed time: 00:00:01
    Info: Total CPU time (on all processors): 00:00:01


